0 info it worked if it ends with ok
1 verbose cli [ '/usr/bin/node', '/usr/bin/npm', 'install' ]
2 info using npm@3.8.6
3 info using node@v5.11.0
4 silly loadCurrentTree Starting
5 silly install loadCurrentTree
6 silly install readLocalPackageData
7 silly install normalizeTree
8 silly loadCurrentTree Finishing
9 silly loadIdealTree Starting
10 silly install loadIdealTree
11 silly cloneCurrentTree Starting
12 silly install cloneCurrentTreeToIdealTree
13 silly cloneCurrentTree Finishing
14 silly loadShrinkwrap Starting
15 silly install loadShrinkwrap
16 silly loadShrinkwrap Finishing
17 silly loadAllDepsIntoIdealTree Starting
18 silly install loadAllDepsIntoIdealTree
19 silly fetchNamedPackageData babel-brunch
20 silly mapToRegistry name babel-brunch
21 silly mapToRegistry using default registry
22 silly mapToRegistry registry https://registry.npmjs.org/
23 silly mapToRegistry data Result {
23 silly mapToRegistry   raw: 'babel-brunch',
23 silly mapToRegistry   scope: null,
23 silly mapToRegistry   name: 'babel-brunch',
23 silly mapToRegistry   rawSpec: '',
23 silly mapToRegistry   spec: 'latest',
23 silly mapToRegistry   type: 'tag' }
24 silly mapToRegistry uri https://registry.npmjs.org/babel-brunch
25 silly fetchNamedPackageData brunch
26 silly mapToRegistry name brunch
27 silly mapToRegistry using default registry
28 silly mapToRegistry registry https://registry.npmjs.org/
29 silly mapToRegistry data Result {
29 silly mapToRegistry   raw: 'brunch',
29 silly mapToRegistry   scope: null,
29 silly mapToRegistry   name: 'brunch',
29 silly mapToRegistry   rawSpec: '',
29 silly mapToRegistry   spec: 'latest',
29 silly mapToRegistry   type: 'tag' }
30 silly mapToRegistry uri https://registry.npmjs.org/brunch
31 silly fetchNamedPackageData clean-css-brunch
32 silly mapToRegistry name clean-css-brunch
33 silly mapToRegistry using default registry
34 silly mapToRegistry registry https://registry.npmjs.org/
35 silly mapToRegistry data Result {
35 silly mapToRegistry   raw: 'clean-css-brunch',
35 silly mapToRegistry   scope: null,
35 silly mapToRegistry   name: 'clean-css-brunch',
35 silly mapToRegistry   rawSpec: '',
35 silly mapToRegistry   spec: 'latest',
35 silly mapToRegistry   type: 'tag' }
36 silly mapToRegistry uri https://registry.npmjs.org/clean-css-brunch
37 silly fetchNamedPackageData css-brunch
38 silly mapToRegistry name css-brunch
39 silly mapToRegistry using default registry
40 silly mapToRegistry registry https://registry.npmjs.org/
41 silly mapToRegistry data Result {
41 silly mapToRegistry   raw: 'css-brunch',
41 silly mapToRegistry   scope: null,
41 silly mapToRegistry   name: 'css-brunch',
41 silly mapToRegistry   rawSpec: '',
41 silly mapToRegistry   spec: 'latest',
41 silly mapToRegistry   type: 'tag' }
42 silly mapToRegistry uri https://registry.npmjs.org/css-brunch
43 silly fetchNamedPackageData javascript-brunch
44 silly mapToRegistry name javascript-brunch
45 silly mapToRegistry using default registry
46 silly mapToRegistry registry https://registry.npmjs.org/
47 silly mapToRegistry data Result {
47 silly mapToRegistry   raw: 'javascript-brunch',
47 silly mapToRegistry   scope: null,
47 silly mapToRegistry   name: 'javascript-brunch',
47 silly mapToRegistry   rawSpec: '',
47 silly mapToRegistry   spec: 'latest',
47 silly mapToRegistry   type: 'tag' }
48 silly mapToRegistry uri https://registry.npmjs.org/javascript-brunch
49 silly fetchNamedPackageData uglify-js-brunch
50 silly mapToRegistry name uglify-js-brunch
51 silly mapToRegistry using default registry
52 silly mapToRegistry registry https://registry.npmjs.org/
53 silly mapToRegistry data Result {
53 silly mapToRegistry   raw: 'uglify-js-brunch',
53 silly mapToRegistry   scope: null,
53 silly mapToRegistry   name: 'uglify-js-brunch',
53 silly mapToRegistry   rawSpec: '',
53 silly mapToRegistry   spec: 'latest',
53 silly mapToRegistry   type: 'tag' }
54 silly mapToRegistry uri https://registry.npmjs.org/uglify-js-brunch
55 silly fetchOtherPackageData phoenix@file:deps/phoenix
56 silly cache add args [ 'phoenix@file:deps/phoenix', null ]
57 verbose cache add spec phoenix@file:deps/phoenix
58 silly fetchOtherPackageData phoenix_html@file:deps/phoenix_html
59 silly cache add args [ 'phoenix_html@file:deps/phoenix_html', null ]
60 verbose cache add spec phoenix_html@file:deps/phoenix_html
61 verbose request uri https://registry.npmjs.org/babel-brunch
62 verbose request no auth needed
63 info attempt registry request try #1 at 11:57:12 AM
64 verbose request id 0a499afcdb1a2fbe
65 http request GET https://registry.npmjs.org/babel-brunch
66 verbose request uri https://registry.npmjs.org/brunch
67 verbose request no auth needed
68 info attempt registry request try #1 at 11:57:12 AM
69 http request GET https://registry.npmjs.org/brunch
70 verbose request uri https://registry.npmjs.org/clean-css-brunch
71 verbose request no auth needed
72 info attempt registry request try #1 at 11:57:12 AM
73 http request GET https://registry.npmjs.org/clean-css-brunch
74 verbose request uri https://registry.npmjs.org/css-brunch
75 verbose request no auth needed
76 info attempt registry request try #1 at 11:57:12 AM
77 http request GET https://registry.npmjs.org/css-brunch
78 verbose request uri https://registry.npmjs.org/javascript-brunch
79 verbose request no auth needed
80 info attempt registry request try #1 at 11:57:12 AM
81 http request GET https://registry.npmjs.org/javascript-brunch
82 verbose request uri https://registry.npmjs.org/uglify-js-brunch
83 verbose request no auth needed
84 info attempt registry request try #1 at 11:57:12 AM
85 http request GET https://registry.npmjs.org/uglify-js-brunch
86 silly cache add parsed spec Result {
86 silly cache add   raw: 'phoenix@file:deps/phoenix',
86 silly cache add   scope: null,
86 silly cache add   name: 'phoenix',
86 silly cache add   rawSpec: 'file:deps/phoenix',
86 silly cache add   spec: '/vagrant/hello_world/deps/phoenix',
86 silly cache add   type: 'local' }
87 silly cache add parsed spec Result {
87 silly cache add   raw: 'phoenix_html@file:deps/phoenix_html',
87 silly cache add   scope: null,
87 silly cache add   name: 'phoenix_html',
87 silly cache add   rawSpec: 'file:deps/phoenix_html',
87 silly cache add   spec: '/vagrant/hello_world/deps/phoenix_html',
87 silly cache add   type: 'local' }
88 error addLocal Could not install /vagrant/hello_world/deps/phoenix_html
89 silly fetchPackageMetaData Error: ENOENT: no such file or directory, open '/vagrant/hello_world/deps/phoenix_html'
89 silly fetchPackageMetaData     at Error (native)
89 silly fetchPackageMetaData  error for phoenix_html@file:deps/phoenix_html { [Error: ENOENT: no such file or directory, open '/vagrant/hello_world/deps/phoenix_html']
89 silly fetchPackageMetaData   errno: -2,
89 silly fetchPackageMetaData   code: 'ENOENT',
89 silly fetchPackageMetaData   syscall: 'open',
89 silly fetchPackageMetaData   path: '/vagrant/hello_world/deps/phoenix_html' }
90 error addLocal Could not install /vagrant/hello_world/deps/phoenix
91 silly fetchPackageMetaData Error: ENOENT: no such file or directory, open '/vagrant/hello_world/deps/phoenix'
91 silly fetchPackageMetaData     at Error (native)
91 silly fetchPackageMetaData  error for phoenix@file:deps/phoenix { [Error: ENOENT: no such file or directory, open '/vagrant/hello_world/deps/phoenix']
91 silly fetchPackageMetaData   errno: -2,
91 silly fetchPackageMetaData   code: 'ENOENT',
91 silly fetchPackageMetaData   syscall: 'open',
91 silly fetchPackageMetaData   path: '/vagrant/hello_world/deps/phoenix' }
92 http 200 https://registry.npmjs.org/css-brunch
93 verbose headers { server: 'CouchDB/1.5.0 (Erlang OTP/R16B03)',
93 verbose headers   etag: '"4YX2L1NJVSI2XGV2B6L7CKNYH"',
93 verbose headers   'content-type': 'application/json',
93 verbose headers   'content-encoding': 'gzip',
93 verbose headers   'cache-control': 'max-age=300',
93 verbose headers   'content-length': '3558',
93 verbose headers   'accept-ranges': 'bytes',
93 verbose headers   date: 'Wed, 27 Apr 2016 15:57:13 GMT',
93 verbose headers   via: '1.1 varnish',
93 verbose headers   age: '245',
93 verbose headers   connection: 'keep-alive',
93 verbose headers   'x-served-by': 'cache-ams4125-AMS',
93 verbose headers   'x-cache': 'HIT',
93 verbose headers   'x-cache-hits': '1',
93 verbose headers   'x-timer': 'S1461772633.010939,VS0,VE0',
93 verbose headers   vary: 'Accept-Encoding' }
94 silly get cb [ 200,
94 silly get   { server: 'CouchDB/1.5.0 (Erlang OTP/R16B03)',
94 silly get     etag: '"4YX2L1NJVSI2XGV2B6L7CKNYH"',
94 silly get     'content-type': 'application/json',
94 silly get     'content-encoding': 'gzip',
94 silly get     'cache-control': 'max-age=300',
94 silly get     'content-length': '3558',
94 silly get     'accept-ranges': 'bytes',
94 silly get     date: 'Wed, 27 Apr 2016 15:57:13 GMT',
94 silly get     via: '1.1 varnish',
94 silly get     age: '245',
94 silly get     connection: 'keep-alive',
94 silly get     'x-served-by': 'cache-ams4125-AMS',
94 silly get     'x-cache': 'HIT',
94 silly get     'x-cache-hits': '1',
94 silly get     'x-timer': 'S1461772633.010939,VS0,VE0',
94 silly get     vary: 'Accept-Encoding' } ]
95 verbose get saving css-brunch to /home/vagrant/.npm/registry.npmjs.org/css-brunch/.cache.json
96 verbose correctMkdir /home/vagrant/.npm correctMkdir not in flight; initializing
97 http 200 https://registry.npmjs.org/babel-brunch
98 verbose headers { server: 'CouchDB/1.5.0 (Erlang OTP/R16B03)',
98 verbose headers   etag: '"EGCK22FD2JMXMKJOSGDBZBQP7"',
98 verbose headers   'content-type': 'application/json',
98 verbose headers   'content-encoding': 'gzip',
98 verbose headers   'cache-control': 'max-age=300',
98 verbose headers   'content-length': '3408',
98 verbose headers   'accept-ranges': 'bytes',
98 verbose headers   date: 'Wed, 27 Apr 2016 15:57:13 GMT',
98 verbose headers   via: '1.1 varnish',
98 verbose headers   age: '187',
98 verbose headers   connection: 'keep-alive',
98 verbose headers   'x-served-by': 'cache-ams4129-AMS',
98 verbose headers   'x-cache': 'HIT',
98 verbose headers   'x-cache-hits': '1',
98 verbose headers   'x-timer': 'S1461772633.006681,VS0,VE0',
98 verbose headers   vary: 'Accept-Encoding' }
99 silly get cb [ 200,
99 silly get   { server: 'CouchDB/1.5.0 (Erlang OTP/R16B03)',
99 silly get     etag: '"EGCK22FD2JMXMKJOSGDBZBQP7"',
99 silly get     'content-type': 'application/json',
99 silly get     'content-encoding': 'gzip',
99 silly get     'cache-control': 'max-age=300',
99 silly get     'content-length': '3408',
99 silly get     'accept-ranges': 'bytes',
99 silly get     date: 'Wed, 27 Apr 2016 15:57:13 GMT',
99 silly get     via: '1.1 varnish',
99 silly get     age: '187',
99 silly get     connection: 'keep-alive',
99 silly get     'x-served-by': 'cache-ams4129-AMS',
99 silly get     'x-cache': 'HIT',
99 silly get     'x-cache-hits': '1',
99 silly get     'x-timer': 'S1461772633.006681,VS0,VE0',
99 silly get     vary: 'Accept-Encoding' } ]
100 verbose get saving babel-brunch to /home/vagrant/.npm/registry.npmjs.org/babel-brunch/.cache.json
101 verbose correctMkdir /home/vagrant/.npm correctMkdir already in flight; waiting
102 verbose makeDirectory /home/vagrant/.npm creation not in flight; initializing
103 silly makeDirectory /home/vagrant/.npm uid: 500 gid: 500
104 silly resolveWithNewModule babel-brunch@6.0.4 checking installable status
105 silly cache add args [ 'babel-brunch@~6.0.0', null ]
106 verbose cache add spec babel-brunch@~6.0.0
107 silly cache add parsed spec Result {
107 silly cache add   raw: 'babel-brunch@~6.0.0',
107 silly cache add   scope: null,
107 silly cache add   name: 'babel-brunch',
107 silly cache add   rawSpec: '~6.0.0',
107 silly cache add   spec: '>=6.0.0 <6.1.0',
107 silly cache add   type: 'range' }
108 silly addNamed babel-brunch@>=6.0.0 <6.1.0
109 verbose addNamed ">=6.0.0 <6.1.0" is a valid semver range for babel-brunch
110 silly addNameRange { name: 'babel-brunch', range: '>=6.0.0 <6.1.0', hasData: false }
111 silly mapToRegistry name babel-brunch
112 silly mapToRegistry using default registry
113 silly mapToRegistry registry https://registry.npmjs.org/
114 silly mapToRegistry data Result {
114 silly mapToRegistry   raw: 'babel-brunch',
114 silly mapToRegistry   scope: null,
114 silly mapToRegistry   name: 'babel-brunch',
114 silly mapToRegistry   rawSpec: '',
114 silly mapToRegistry   spec: 'latest',
114 silly mapToRegistry   type: 'tag' }
115 silly mapToRegistry uri https://registry.npmjs.org/babel-brunch
116 verbose addNameRange registry:https://registry.npmjs.org/babel-brunch not in flight; fetching
117 http 200 https://registry.npmjs.org/clean-css-brunch
118 verbose headers { server: 'CouchDB/1.5.0 (Erlang OTP/R16B03)',
118 verbose headers   etag: '"5MPZPCMAI74IWZRADCMJFIHZW"',
118 verbose headers   'content-type': 'application/json',
118 verbose headers   'cache-control': 'max-age=300',
118 verbose headers   'content-length': '16141',
118 verbose headers   'accept-ranges': 'bytes',
118 verbose headers   date: 'Wed, 27 Apr 2016 15:57:13 GMT',
118 verbose headers   via: '1.1 varnish',
118 verbose headers   age: '188',
118 verbose headers   connection: 'keep-alive',
118 verbose headers   'x-served-by': 'cache-ams4124-AMS',
118 verbose headers   'x-cache': 'HIT',
118 verbose headers   'x-cache-hits': '1',
118 verbose headers   'x-timer': 'S1461772633.008920,VS0,VE0',
118 verbose headers   vary: 'Accept-Encoding' }
119 silly get cb [ 200,
119 silly get   { server: 'CouchDB/1.5.0 (Erlang OTP/R16B03)',
119 silly get     etag: '"5MPZPCMAI74IWZRADCMJFIHZW"',
119 silly get     'content-type': 'application/json',
119 silly get     'cache-control': 'max-age=300',
119 silly get     'content-length': '16141',
119 silly get     'accept-ranges': 'bytes',
119 silly get     date: 'Wed, 27 Apr 2016 15:57:13 GMT',
119 silly get     via: '1.1 varnish',
119 silly get     age: '188',
119 silly get     connection: 'keep-alive',
119 silly get     'x-served-by': 'cache-ams4124-AMS',
119 silly get     'x-cache': 'HIT',
119 silly get     'x-cache-hits': '1',
119 silly get     'x-timer': 'S1461772633.008920,VS0,VE0',
119 silly get     vary: 'Accept-Encoding' } ]
120 verbose get saving clean-css-brunch to /home/vagrant/.npm/registry.npmjs.org/clean-css-brunch/.cache.json
121 verbose correctMkdir /home/vagrant/.npm correctMkdir not in flight; initializing
122 silly resolveWithNewModule css-brunch@1.7.0 checking installable status
123 silly cache add args [ 'css-brunch@~1.7.0', null ]
124 verbose cache add spec css-brunch@~1.7.0
125 silly cache add parsed spec Result {
125 silly cache add   raw: 'css-brunch@~1.7.0',
125 silly cache add   scope: null,
125 silly cache add   name: 'css-brunch',
125 silly cache add   rawSpec: '~1.7.0',
125 silly cache add   spec: '>=1.7.0 <1.8.0',
125 silly cache add   type: 'range' }
126 silly addNamed css-brunch@>=1.7.0 <1.8.0
127 verbose addNamed ">=1.7.0 <1.8.0" is a valid semver range for css-brunch
128 silly addNameRange { name: 'css-brunch', range: '>=1.7.0 <1.8.0', hasData: false }
129 silly mapToRegistry name css-brunch
130 silly mapToRegistry using default registry
131 silly mapToRegistry registry https://registry.npmjs.org/
132 silly mapToRegistry data Result {
132 silly mapToRegistry   raw: 'css-brunch',
132 silly mapToRegistry   scope: null,
132 silly mapToRegistry   name: 'css-brunch',
132 silly mapToRegistry   rawSpec: '',
132 silly mapToRegistry   spec: 'latest',
132 silly mapToRegistry   type: 'tag' }
133 silly mapToRegistry uri https://registry.npmjs.org/css-brunch
134 verbose addNameRange registry:https://registry.npmjs.org/css-brunch not in flight; fetching
135 verbose get https://registry.npmjs.org/babel-brunch not expired, no request
136 silly addNameRange number 2 { name: 'babel-brunch', range: '>=6.0.0 <6.1.0', hasData: true }
137 silly addNameRange versions [ 'babel-brunch',
137 silly addNameRange   [ '4.0.0',
137 silly addNameRange     '5.0.0',
137 silly addNameRange     '5.0.1',
137 silly addNameRange     '5.1.0',
137 silly addNameRange     '5.1.1',
137 silly addNameRange     '5.1.2',
137 silly addNameRange     '6.0.0',
137 silly addNameRange     '6.0.1',
137 silly addNameRange     '6.0.2',
137 silly addNameRange     '6.0.3',
137 silly addNameRange     '6.0.4' ] ]
138 silly addNamed babel-brunch@6.0.4
139 verbose addNamed "6.0.4" is a plain semver version for babel-brunch
140 silly mapToRegistry name babel-brunch
141 silly mapToRegistry using default registry
142 silly mapToRegistry registry https://registry.npmjs.org/
143 silly mapToRegistry data Result {
143 silly mapToRegistry   raw: 'babel-brunch',
143 silly mapToRegistry   scope: null,
143 silly mapToRegistry   name: 'babel-brunch',
143 silly mapToRegistry   rawSpec: '',
143 silly mapToRegistry   spec: 'latest',
143 silly mapToRegistry   type: 'tag' }
144 silly mapToRegistry uri https://registry.npmjs.org/babel-brunch
145 verbose addRemoteTarball https://registry.npmjs.org/babel-brunch/-/babel-brunch-6.0.4.tgz not in flight; adding
146 verbose addRemoteTarball [ 'https://registry.npmjs.org/babel-brunch/-/babel-brunch-6.0.4.tgz',
146 verbose addRemoteTarball   '5e298b6f6c78e6a7a49e025b2ca9a8be5ed9181f' ]
147 verbose get https://registry.npmjs.org/css-brunch not expired, no request
148 silly addNameRange number 2 { name: 'css-brunch', range: '>=1.7.0 <1.8.0', hasData: true }
149 silly addNameRange versions [ 'css-brunch',
149 silly addNameRange   [ '1.0.0',
149 silly addNameRange     '1.1.0',
149 silly addNameRange     '1.1.1',
149 silly addNameRange     '1.3.0',
149 silly addNameRange     '1.5.0',
149 silly addNameRange     '1.5.1',
149 silly addNameRange     '1.6.0',
149 silly addNameRange     '1.7.0',
149 silly addNameRange     '2.0.0',
149 silly addNameRange     '2.6.0',
149 silly addNameRange     '2.6.1' ] ]
150 silly addNamed css-brunch@1.7.0
151 verbose addNamed "1.7.0" is a plain semver version for css-brunch
152 silly mapToRegistry name css-brunch
153 silly mapToRegistry using default registry
154 silly mapToRegistry registry https://registry.npmjs.org/
155 silly mapToRegistry data Result {
155 silly mapToRegistry   raw: 'css-brunch',
155 silly mapToRegistry   scope: null,
155 silly mapToRegistry   name: 'css-brunch',
155 silly mapToRegistry   rawSpec: '',
155 silly mapToRegistry   spec: 'latest',
155 silly mapToRegistry   type: 'tag' }
156 silly mapToRegistry uri https://registry.npmjs.org/css-brunch
157 verbose addRemoteTarball https://registry.npmjs.org/css-brunch/-/css-brunch-1.7.0.tgz not in flight; adding
158 verbose addRemoteTarball [ 'https://registry.npmjs.org/css-brunch/-/css-brunch-1.7.0.tgz',
158 verbose addRemoteTarball   '258c1b038a970840af0c6a8e5582f614050294da' ]
159 silly resolveWithNewModule clean-css-brunch@1.8.0 checking installable status
160 silly cache add args [ 'clean-css-brunch@~1.8.0', null ]
161 verbose cache add spec clean-css-brunch@~1.8.0
162 silly cache add parsed spec Result {
162 silly cache add   raw: 'clean-css-brunch@~1.8.0',
162 silly cache add   scope: null,
162 silly cache add   name: 'clean-css-brunch',
162 silly cache add   rawSpec: '~1.8.0',
162 silly cache add   spec: '>=1.8.0 <1.9.0',
162 silly cache add   type: 'range' }
163 silly addNamed clean-css-brunch@>=1.8.0 <1.9.0
164 verbose addNamed ">=1.8.0 <1.9.0" is a valid semver range for clean-css-brunch
165 silly addNameRange { name: 'clean-css-brunch',
165 silly addNameRange   range: '>=1.8.0 <1.9.0',
165 silly addNameRange   hasData: false }
166 silly mapToRegistry name clean-css-brunch
167 silly mapToRegistry using default registry
168 silly mapToRegistry registry https://registry.npmjs.org/
169 silly mapToRegistry data Result {
169 silly mapToRegistry   raw: 'clean-css-brunch',
169 silly mapToRegistry   scope: null,
169 silly mapToRegistry   name: 'clean-css-brunch',
169 silly mapToRegistry   rawSpec: '',
169 silly mapToRegistry   spec: 'latest',
169 silly mapToRegistry   type: 'tag' }
170 silly mapToRegistry uri https://registry.npmjs.org/clean-css-brunch
171 verbose addNameRange registry:https://registry.npmjs.org/clean-css-brunch not in flight; fetching
172 http 200 https://registry.npmjs.org/uglify-js-brunch
173 verbose headers { server: 'CouchDB/1.5.0 (Erlang OTP/R16B03)',
173 verbose headers   etag: '"13FU9J8Y5W216UTLU2ZRS4T4M"',
173 verbose headers   'content-type': 'application/json',
173 verbose headers   'cache-control': 'max-age=300',
173 verbose headers   'content-length': '21510',
173 verbose headers   'accept-ranges': 'bytes',
173 verbose headers   date: 'Wed, 27 Apr 2016 15:57:13 GMT',
173 verbose headers   via: '1.1 varnish',
173 verbose headers   age: '244',
173 verbose headers   connection: 'keep-alive',
173 verbose headers   'x-served-by': 'cache-ams4120-AMS',
173 verbose headers   'x-cache': 'HIT',
173 verbose headers   'x-cache-hits': '1',
173 verbose headers   'x-timer': 'S1461772633.067355,VS0,VE0',
173 verbose headers   vary: 'Accept-Encoding' }
174 silly get cb [ 200,
174 silly get   { server: 'CouchDB/1.5.0 (Erlang OTP/R16B03)',
174 silly get     etag: '"13FU9J8Y5W216UTLU2ZRS4T4M"',
174 silly get     'content-type': 'application/json',
174 silly get     'cache-control': 'max-age=300',
174 silly get     'content-length': '21510',
174 silly get     'accept-ranges': 'bytes',
174 silly get     date: 'Wed, 27 Apr 2016 15:57:13 GMT',
174 silly get     via: '1.1 varnish',
174 silly get     age: '244',
174 silly get     connection: 'keep-alive',
174 silly get     'x-served-by': 'cache-ams4120-AMS',
174 silly get     'x-cache': 'HIT',
174 silly get     'x-cache-hits': '1',
174 silly get     'x-timer': 'S1461772633.067355,VS0,VE0',
174 silly get     vary: 'Accept-Encoding' } ]
175 verbose get saving uglify-js-brunch to /home/vagrant/.npm/registry.npmjs.org/uglify-js-brunch/.cache.json
176 verbose correctMkdir /home/vagrant/.npm correctMkdir not in flight; initializing
177 info retry fetch attempt 1 at 11:57:12 AM
178 info attempt registry request try #1 at 11:57:12 AM
179 http fetch GET https://registry.npmjs.org/css-brunch/-/css-brunch-1.7.0.tgz
180 info retry fetch attempt 1 at 11:57:12 AM
181 info attempt registry request try #1 at 11:57:12 AM
182 http fetch GET https://registry.npmjs.org/babel-brunch/-/babel-brunch-6.0.4.tgz
183 verbose get https://registry.npmjs.org/clean-css-brunch not expired, no request
184 silly addNameRange number 2 { name: 'clean-css-brunch',
184 silly addNameRange   range: '>=1.8.0 <1.9.0',
184 silly addNameRange   hasData: true }
185 silly addNameRange versions [ 'clean-css-brunch',
185 silly addNameRange   [ '1.0.0',
185 silly addNameRange     '1.1.0',
185 silly addNameRange     '1.1.1',
185 silly addNameRange     '1.3.0',
185 silly addNameRange     '1.4.0',
185 silly addNameRange     '1.5.0',
185 silly addNameRange     '1.5.1',
185 silly addNameRange     '1.6.0',
185 silly addNameRange     '1.7.0',
185 silly addNameRange     '1.7.1',
185 silly addNameRange     '1.7.2',
185 silly addNameRange     '1.8.0',
185 silly addNameRange     '2.0.0' ] ]
186 silly addNamed clean-css-brunch@1.8.0
187 verbose addNamed "1.8.0" is a plain semver version for clean-css-brunch
188 silly mapToRegistry name clean-css-brunch
189 silly mapToRegistry using default registry
190 silly mapToRegistry registry https://registry.npmjs.org/
191 silly mapToRegistry data Result {
191 silly mapToRegistry   raw: 'clean-css-brunch',
191 silly mapToRegistry   scope: null,
191 silly mapToRegistry   name: 'clean-css-brunch',
191 silly mapToRegistry   rawSpec: '',
191 silly mapToRegistry   spec: 'latest',
191 silly mapToRegistry   type: 'tag' }
192 silly mapToRegistry uri https://registry.npmjs.org/clean-css-brunch
193 verbose addRemoteTarball https://registry.npmjs.org/clean-css-brunch/-/clean-css-brunch-1.8.0.tgz not in flight; adding
194 verbose addRemoteTarball [ 'https://registry.npmjs.org/clean-css-brunch/-/clean-css-brunch-1.8.0.tgz',
194 verbose addRemoteTarball   'efea5ac3e2a99d08155c6c14e1eef466757b0984' ]
195 info retry fetch attempt 1 at 11:57:12 AM
196 info attempt registry request try #1 at 11:57:12 AM
197 http fetch GET https://registry.npmjs.org/clean-css-brunch/-/clean-css-brunch-1.8.0.tgz
198 silly resolveWithNewModule uglify-js-brunch@1.7.8 checking installable status
199 silly cache add args [ 'uglify-js-brunch@~1.7.0', null ]
200 verbose cache add spec uglify-js-brunch@~1.7.0
201 silly cache add parsed spec Result {
201 silly cache add   raw: 'uglify-js-brunch@~1.7.0',
201 silly cache add   scope: null,
201 silly cache add   name: 'uglify-js-brunch',
201 silly cache add   rawSpec: '~1.7.0',
201 silly cache add   spec: '>=1.7.0 <1.8.0',
201 silly cache add   type: 'range' }
202 silly addNamed uglify-js-brunch@>=1.7.0 <1.8.0
203 verbose addNamed ">=1.7.0 <1.8.0" is a valid semver range for uglify-js-brunch
204 silly addNameRange { name: 'uglify-js-brunch',
204 silly addNameRange   range: '>=1.7.0 <1.8.0',
204 silly addNameRange   hasData: false }
205 silly mapToRegistry name uglify-js-brunch
206 silly mapToRegistry using default registry
207 silly mapToRegistry registry https://registry.npmjs.org/
208 silly mapToRegistry data Result {
208 silly mapToRegistry   raw: 'uglify-js-brunch',
208 silly mapToRegistry   scope: null,
208 silly mapToRegistry   name: 'uglify-js-brunch',
208 silly mapToRegistry   rawSpec: '',
208 silly mapToRegistry   spec: 'latest',
208 silly mapToRegistry   type: 'tag' }
209 silly mapToRegistry uri https://registry.npmjs.org/uglify-js-brunch
210 verbose addNameRange registry:https://registry.npmjs.org/uglify-js-brunch not in flight; fetching
211 verbose get https://registry.npmjs.org/uglify-js-brunch not expired, no request
212 silly addNameRange number 2 { name: 'uglify-js-brunch',
212 silly addNameRange   range: '>=1.7.0 <1.8.0',
212 silly addNameRange   hasData: true }
213 silly addNameRange versions [ 'uglify-js-brunch',
213 silly addNameRange   [ '1.0.0',
213 silly addNameRange     '1.1.0',
213 silly addNameRange     '1.1.1',
213 silly addNameRange     '1.3.0',
213 silly addNameRange     '1.3.1',
213 silly addNameRange     '1.5.0',
213 silly addNameRange     '1.5.1',
213 silly addNameRange     '1.7.0',
213 silly addNameRange     '1.7.1',
213 silly addNameRange     '1.7.2',
213 silly addNameRange     '1.7.3',
213 silly addNameRange     '1.7.4',
213 silly addNameRange     '1.7.5',
213 silly addNameRange     '1.7.6',
213 silly addNameRange     '1.7.7',
213 silly addNameRange     '1.7.8',
213 silly addNameRange     '2.0.0',
213 silly addNameRange     '2.0.1' ] ]
214 silly addNamed uglify-js-brunch@1.7.8
215 verbose addNamed "1.7.8" is a plain semver version for uglify-js-brunch
216 silly mapToRegistry name uglify-js-brunch
217 silly mapToRegistry using default registry
218 silly mapToRegistry registry https://registry.npmjs.org/
219 silly mapToRegistry data Result {
219 silly mapToRegistry   raw: 'uglify-js-brunch',
219 silly mapToRegistry   scope: null,
219 silly mapToRegistry   name: 'uglify-js-brunch',
219 silly mapToRegistry   rawSpec: '',
219 silly mapToRegistry   spec: 'latest',
219 silly mapToRegistry   type: 'tag' }
220 silly mapToRegistry uri https://registry.npmjs.org/uglify-js-brunch
221 verbose addRemoteTarball https://registry.npmjs.org/uglify-js-brunch/-/uglify-js-brunch-1.7.8.tgz not in flight; adding
222 verbose addRemoteTarball [ 'https://registry.npmjs.org/uglify-js-brunch/-/uglify-js-brunch-1.7.8.tgz',
222 verbose addRemoteTarball   'b36dffbcd19cfea27248d34797effef1ae9d3a62' ]
223 http fetch 200 https://registry.npmjs.org/css-brunch/-/css-brunch-1.7.0.tgz
224 http 200 https://registry.npmjs.org/brunch
225 verbose headers { server: 'CouchDB/1.5.0 (Erlang OTP/R16B03)',
225 verbose headers   etag: '"8RCINFVBIM4DEZQATK0U3PVHF"',
225 verbose headers   'content-type': 'application/json',
225 verbose headers   'cache-control': 'max-age=300',
225 verbose headers   'content-length': '242315',
225 verbose headers   'accept-ranges': 'bytes',
225 verbose headers   date: 'Wed, 27 Apr 2016 15:57:13 GMT',
225 verbose headers   via: '1.1 varnish',
225 verbose headers   age: '188',
225 verbose headers   connection: 'keep-alive',
225 verbose headers   'x-served-by': 'cache-ams4122-AMS',
225 verbose headers   'x-cache': 'HIT',
225 verbose headers   'x-cache-hits': '2',
225 verbose headers   'x-timer': 'S1461772633.009875,VS0,VE0',
225 verbose headers   vary: 'Accept-Encoding' }
226 silly get cb [ 200,
226 silly get   { server: 'CouchDB/1.5.0 (Erlang OTP/R16B03)',
226 silly get     etag: '"8RCINFVBIM4DEZQATK0U3PVHF"',
226 silly get     'content-type': 'application/json',
226 silly get     'cache-control': 'max-age=300',
226 silly get     'content-length': '242315',
226 silly get     'accept-ranges': 'bytes',
226 silly get     date: 'Wed, 27 Apr 2016 15:57:13 GMT',
226 silly get     via: '1.1 varnish',
226 silly get     age: '188',
226 silly get     connection: 'keep-alive',
226 silly get     'x-served-by': 'cache-ams4122-AMS',
226 silly get     'x-cache': 'HIT',
226 silly get     'x-cache-hits': '2',
226 silly get     'x-timer': 'S1461772633.009875,VS0,VE0',
226 silly get     vary: 'Accept-Encoding' } ]
227 verbose get saving brunch to /home/vagrant/.npm/registry.npmjs.org/brunch/.cache.json
228 verbose correctMkdir /home/vagrant/.npm correctMkdir not in flight; initializing
229 http fetch 200 https://registry.npmjs.org/babel-brunch/-/babel-brunch-6.0.4.tgz
230 http fetch 200 https://registry.npmjs.org/clean-css-brunch/-/clean-css-brunch-1.8.0.tgz
231 info retry fetch attempt 1 at 11:57:12 AM
232 info attempt registry request try #1 at 11:57:12 AM
233 http fetch GET https://registry.npmjs.org/uglify-js-brunch/-/uglify-js-brunch-1.7.8.tgz
234 silly fetchAndShaCheck shasum 258c1b038a970840af0c6a8e5582f614050294da
235 silly fetchAndShaCheck shasum 5e298b6f6c78e6a7a49e025b2ca9a8be5ed9181f
236 silly fetchAndShaCheck shasum efea5ac3e2a99d08155c6c14e1eef466757b0984
237 verbose addTmpTarball /tmp/npm-19145-a066d8aa/registry.npmjs.org/css-brunch/-/css-brunch-1.7.0.tgz not in flight; adding
238 verbose addTmpTarball already have metadata; skipping unpack for css-brunch@1.7.0
239 verbose correctMkdir /home/vagrant/.npm correctMkdir not in flight; initializing
240 verbose addTmpTarball /tmp/npm-19145-a066d8aa/registry.npmjs.org/babel-brunch/-/babel-brunch-6.0.4.tgz not in flight; adding
241 verbose addTmpTarball already have metadata; skipping unpack for babel-brunch@6.0.4
242 verbose correctMkdir /home/vagrant/.npm correctMkdir not in flight; initializing
243 verbose addTmpTarball /tmp/npm-19145-a066d8aa/registry.npmjs.org/clean-css-brunch/-/clean-css-brunch-1.8.0.tgz not in flight; adding
244 verbose addTmpTarball already have metadata; skipping unpack for clean-css-brunch@1.8.0
245 verbose correctMkdir /home/vagrant/.npm correctMkdir not in flight; initializing
246 http 200 https://registry.npmjs.org/javascript-brunch
247 verbose headers { server: 'CouchDB/1.5.0 (Erlang OTP/R16B03)',
247 verbose headers   etag: '"29I869TOMAOKBX6F9X34ADN83"',
247 verbose headers   'content-type': 'application/json',
247 verbose headers   'content-encoding': 'gzip',
247 verbose headers   'cache-control': 'max-age=300',
247 verbose headers   'content-length': '3117',
247 verbose headers   'accept-ranges': 'bytes',
247 verbose headers   date: 'Wed, 27 Apr 2016 15:57:13 GMT',
247 verbose headers   via: '1.1 varnish',
247 verbose headers   age: '0',
247 verbose headers   connection: 'keep-alive',
247 verbose headers   'x-served-by': 'cache-ams4130-AMS',
247 verbose headers   'x-cache': 'HIT',
247 verbose headers   'x-cache-hits': '1',
247 verbose headers   'x-timer': 'S1461772633.066326,VS0,VE173',
247 verbose headers   vary: 'Accept-Encoding' }
248 silly get cb [ 200,
248 silly get   { server: 'CouchDB/1.5.0 (Erlang OTP/R16B03)',
248 silly get     etag: '"29I869TOMAOKBX6F9X34ADN83"',
248 silly get     'content-type': 'application/json',
248 silly get     'content-encoding': 'gzip',
248 silly get     'cache-control': 'max-age=300',
248 silly get     'content-length': '3117',
248 silly get     'accept-ranges': 'bytes',
248 silly get     date: 'Wed, 27 Apr 2016 15:57:13 GMT',
248 silly get     via: '1.1 varnish',
248 silly get     age: '0',
248 silly get     connection: 'keep-alive',
248 silly get     'x-served-by': 'cache-ams4130-AMS',
248 silly get     'x-cache': 'HIT',
248 silly get     'x-cache-hits': '1',
248 silly get     'x-timer': 'S1461772633.066326,VS0,VE173',
248 silly get     vary: 'Accept-Encoding' } ]
249 verbose get saving javascript-brunch to /home/vagrant/.npm/registry.npmjs.org/javascript-brunch/.cache.json
250 verbose correctMkdir /home/vagrant/.npm correctMkdir not in flight; initializing
251 silly resolveWithNewModule brunch@2.1.3 checking installable status
252 silly cache add args [ 'brunch@~2.1.3', null ]
253 verbose cache add spec brunch@~2.1.3
254 silly cache add parsed spec Result {
254 silly cache add   raw: 'brunch@~2.1.3',
254 silly cache add   scope: null,
254 silly cache add   name: 'brunch',
254 silly cache add   rawSpec: '~2.1.3',
254 silly cache add   spec: '>=2.1.3 <2.2.0',
254 silly cache add   type: 'range' }
255 silly addNamed brunch@>=2.1.3 <2.2.0
256 verbose addNamed ">=2.1.3 <2.2.0" is a valid semver range for brunch
257 silly addNameRange { name: 'brunch', range: '>=2.1.3 <2.2.0', hasData: false }
258 silly mapToRegistry name brunch
259 silly mapToRegistry using default registry
260 silly mapToRegistry registry https://registry.npmjs.org/
261 silly mapToRegistry data Result {
261 silly mapToRegistry   raw: 'brunch',
261 silly mapToRegistry   scope: null,
261 silly mapToRegistry   name: 'brunch',
261 silly mapToRegistry   rawSpec: '',
261 silly mapToRegistry   spec: 'latest',
261 silly mapToRegistry   type: 'tag' }
262 silly mapToRegistry uri https://registry.npmjs.org/brunch
263 verbose addNameRange registry:https://registry.npmjs.org/brunch not in flight; fetching
264 verbose get https://registry.npmjs.org/brunch not expired, no request
265 silly addNameRange number 2 { name: 'brunch', range: '>=2.1.3 <2.2.0', hasData: true }
266 silly addNameRange versions [ 'brunch',
266 silly addNameRange   [ '0.0.1',
266 silly addNameRange     '0.0.2',
266 silly addNameRange     '0.0.3',
266 silly addNameRange     '0.0.4',
266 silly addNameRange     '0.0.5',
266 silly addNameRange     '0.0.6',
266 silly addNameRange     '0.0.7',
266 silly addNameRange     '0.0.8',
266 silly addNameRange     '0.1.0',
266 silly addNameRange     '0.1.1',
266 silly addNameRange     '0.1.3',
266 silly addNameRange     '0.1.4',
266 silly addNameRange     '0.1.5',
266 silly addNameRange     '0.1.6',
266 silly addNameRange     '0.1.7',
266 silly addNameRange     '0.1.8',
266 silly addNameRange     '0.1.9',
266 silly addNameRange     '0.2.0',
266 silly addNameRange     '0.2.1',
266 silly addNameRange     '0.2.2',
266 silly addNameRange     '0.2.3',
266 silly addNameRange     '0.2.4',
266 silly addNameRange     '0.2.6',
266 silly addNameRange     '0.2.7',
266 silly addNameRange     '0.2.8',
266 silly addNameRange     '0.3.0',
266 silly addNameRange     '0.3.1',
266 silly addNameRange     '0.3.2',
266 silly addNameRange     '0.3.4',
266 silly addNameRange     '0.3.5',
266 silly addNameRange     '0.3.6',
266 silly addNameRange     '0.3.7',
266 silly addNameRange     '0.4.0',
266 silly addNameRange     '0.4.1',
266 silly addNameRange     '0.4.2',
266 silly addNameRange     '0.4.3',
266 silly addNameRange     '0.4.4',
266 silly addNameRange     '0.4.5',
266 silly addNameRange     '0.5.1',
266 silly addNameRange     '0.5.2',
266 silly addNameRange     '0.5.3',
266 silly addNameRange     '0.5.4',
266 silly addNameRange     '0.5.5',
266 silly addNameRange     '0.5.6',
266 silly addNameRange     '0.6.0',
266 silly addNameRange     '0.6.1',
266 silly addNameRange     '0.6.2',
266 silly addNameRange     '0.7.0',
266 silly addNameRange     '0.7.1',
266 silly addNameRange     '0.7.2',
266 silly addNameRange     '0.7.3',
266 silly addNameRange     '0.7.4',
266 silly addNameRange     '0.8.0',
266 silly addNameRange     '0.8.1',
266 silly addNameRange     '0.9.0-beta1',
266 silly addNameRange     '0.9.0',
266 silly addNameRange     '0.9.1',
266 silly addNameRange     '1.0.0',
266 silly addNameRange     '1.0.1',
266 silly addNameRange     '1.0.2',
266 silly addNameRange     '1.0.3',
266 silly addNameRange     '1.1.0',
266 silly addNameRange     '1.1.1',
266 silly addNameRange     '1.1.2',
266 silly addNameRange     '1.2.0',
266 silly addNameRange     '1.2.1',
266 silly addNameRange     '1.2.2',
266 silly addNameRange     '1.3.0',
266 silly addNameRange     '1.3.1',
266 silly addNameRange     '1.3.2',
266 silly addNameRange     '1.3.3',
266 silly addNameRange     '1.3.4',
266 silly addNameRange     '1.4.0',
266 silly addNameRange     '1.4.1',
266 silly addNameRange     '1.4.2',
266 silly addNameRange     '1.4.3',
266 silly addNameRange     '1.4.4',
266 silly addNameRange     '1.4.5',
266 silly addNameRange     '1.5.0',
266 silly addNameRange     '1.5.1',
266 silly addNameRange     '1.5.2',
266 silly addNameRange     '1.5.3',
266 silly addNameRange     '1.5.4',
266 silly addNameRange     '1.6.0',
266 silly addNameRange     '1.6.1',
266 silly addNameRange     '1.6.2',
266 silly addNameRange     '1.6.3',
266 silly addNameRange     '1.6.4',
266 silly addNameRange     '1.6.5',
266 silly addNameRange     '1.6.6',
266 silly addNameRange     '1.6.7',
266 silly addNameRange     '1.7.0',
266 silly addNameRange     '1.7.1',
266 silly addNameRange     '1.7.2',
266 silly addNameRange     '1.7.3',
266 silly addNameRange     '1.7.4',
266 silly addNameRange     '1.7.5',
266 silly addNameRange     '1.7.6',
266 silly addNameRange     '1.7.7',
266 silly addNameRange     '1.7.8',
266 silly addNameRange     '1.7.9',
266 silly addNameRange     '1.7.10',
266 silly addNameRange     '1.7.12',
266 silly addNameRange     '1.7.13',
266 silly addNameRange     '1.7.14',
266 silly addNameRange     '1.7.15',
266 silly addNameRange     '1.7.16',
266 silly addNameRange     '1.7.17',
266 silly addNameRange     '1.7.18',
266 silly addNameRange     '1.7.19',
266 silly addNameRange     '1.7.20',
266 silly addNameRange     '1.8.0',
266 silly addNameRange     '1.8.1',
266 silly addNameRange     '1.8.2',
266 silly addNameRange     '1.8.3',
266 silly addNameRange     '1.8.4',
266 silly addNameRange     '1.8.5',
266 silly addNameRange     '2.0.0',
266 silly addNameRange     '2.0.1',
266 silly addNameRange     '2.0.2',
266 silly addNameRange     '2.0.3',
266 silly addNameRange     '2.0.4',
266 silly addNameRange     '2.1.0',
266 silly addNameRange     '2.1.1',
266 silly addNameRange     '2.1.2',
266 silly addNameRange     '2.1.3',
266 silly addNameRange     '2.2.0',
266 silly addNameRange     '2.2.1',
266 silly addNameRange     '2.2.2',
266 silly addNameRange     '2.2.3',
266 silly addNameRange     '2.3.0',
266 silly addNameRange     '2.3.1',
266 silly addNameRange     '2.3.2',
266 silly addNameRange     '2.4.0',
266 silly addNameRange     '2.4.1',
266 silly addNameRange     '2.4.2',
266 silly addNameRange     '2.5.0-pre',
266 silly addNameRange     '2.5.0',
266 silly addNameRange     '2.5.1',
266 silly addNameRange     '2.5.2',
266 silly addNameRange     '2.5.3',
266 silly addNameRange     '2.6.0',
266 silly addNameRange     '2.6.1',
266 silly addNameRange     '2.6.2',
266 silly addNameRange     '2.6.3',
266 silly addNameRange     '2.6.4',
266 silly addNameRange     '2.6.5',
266 silly addNameRange     '2.6.6',
266 silly addNameRange     '2.7.1',
266 silly addNameRange     '2.7.2',
266 silly addNameRange     '2.7.3',
266 silly addNameRange     '2.7.4' ] ]
267 silly addNamed brunch@2.1.3
268 verbose addNamed "2.1.3" is a plain semver version for brunch
269 silly mapToRegistry name brunch
270 silly mapToRegistry using default registry
271 silly mapToRegistry registry https://registry.npmjs.org/
272 silly mapToRegistry data Result {
272 silly mapToRegistry   raw: 'brunch',
272 silly mapToRegistry   scope: null,
272 silly mapToRegistry   name: 'brunch',
272 silly mapToRegistry   rawSpec: '',
272 silly mapToRegistry   spec: 'latest',
272 silly mapToRegistry   type: 'tag' }
273 silly mapToRegistry uri https://registry.npmjs.org/brunch
274 verbose addRemoteTarball https://registry.npmjs.org/brunch/-/brunch-2.1.3.tgz not in flight; adding
275 verbose addRemoteTarball [ 'https://registry.npmjs.org/brunch/-/brunch-2.1.3.tgz',
275 verbose addRemoteTarball   'f695d23db6dd192e3d01a980fe57d5542a3d89d1' ]
276 http fetch 200 https://registry.npmjs.org/uglify-js-brunch/-/uglify-js-brunch-1.7.8.tgz
277 info retry fetch attempt 1 at 11:57:13 AM
278 info attempt registry request try #1 at 11:57:13 AM
279 http fetch GET https://registry.npmjs.org/brunch/-/brunch-2.1.3.tgz
280 silly resolveWithNewModule javascript-brunch@1.8.0 checking installable status
281 silly cache add args [ 'javascript-brunch@~1.8.0', null ]
282 verbose cache add spec javascript-brunch@~1.8.0
283 silly cache add parsed spec Result {
283 silly cache add   raw: 'javascript-brunch@~1.8.0',
283 silly cache add   scope: null,
283 silly cache add   name: 'javascript-brunch',
283 silly cache add   rawSpec: '~1.8.0',
283 silly cache add   spec: '>=1.8.0 <1.9.0',
283 silly cache add   type: 'range' }
284 silly addNamed javascript-brunch@>=1.8.0 <1.9.0
285 verbose addNamed ">=1.8.0 <1.9.0" is a valid semver range for javascript-brunch
286 silly addNameRange { name: 'javascript-brunch',
286 silly addNameRange   range: '>=1.8.0 <1.9.0',
286 silly addNameRange   hasData: false }
287 silly mapToRegistry name javascript-brunch
288 silly mapToRegistry using default registry
289 silly mapToRegistry registry https://registry.npmjs.org/
290 silly mapToRegistry data Result {
290 silly mapToRegistry   raw: 'javascript-brunch',
290 silly mapToRegistry   scope: null,
290 silly mapToRegistry   name: 'javascript-brunch',
290 silly mapToRegistry   rawSpec: '',
290 silly mapToRegistry   spec: 'latest',
290 silly mapToRegistry   type: 'tag' }
291 silly mapToRegistry uri https://registry.npmjs.org/javascript-brunch
292 verbose addNameRange registry:https://registry.npmjs.org/javascript-brunch not in flight; fetching
293 silly fetchAndShaCheck shasum b36dffbcd19cfea27248d34797effef1ae9d3a62
294 verbose addTmpTarball /tmp/npm-19145-a066d8aa/registry.npmjs.org/uglify-js-brunch/-/uglify-js-brunch-1.7.8.tgz not in flight; adding
295 verbose addTmpTarball already have metadata; skipping unpack for uglify-js-brunch@1.7.8
296 verbose correctMkdir /home/vagrant/.npm correctMkdir not in flight; initializing
297 verbose get https://registry.npmjs.org/javascript-brunch not expired, no request
298 silly addNameRange number 2 { name: 'javascript-brunch',
298 silly addNameRange   range: '>=1.8.0 <1.9.0',
298 silly addNameRange   hasData: true }
299 silly addNameRange versions [ 'javascript-brunch',
299 silly addNameRange   [ '1.0.0',
299 silly addNameRange     '1.1.0',
299 silly addNameRange     '1.1.1',
299 silly addNameRange     '1.3.0',
299 silly addNameRange     '1.5.0',
299 silly addNameRange     '1.5.1',
299 silly addNameRange     '1.6.0',
299 silly addNameRange     '1.7.0',
299 silly addNameRange     '1.7.1',
299 silly addNameRange     '1.8.0',
299 silly addNameRange     '2.0.0' ] ]
300 silly addNamed javascript-brunch@1.8.0
301 verbose addNamed "1.8.0" is a plain semver version for javascript-brunch
302 silly mapToRegistry name javascript-brunch
303 silly mapToRegistry using default registry
304 silly mapToRegistry registry https://registry.npmjs.org/
305 silly mapToRegistry data Result {
305 silly mapToRegistry   raw: 'javascript-brunch',
305 silly mapToRegistry   scope: null,
305 silly mapToRegistry   name: 'javascript-brunch',
305 silly mapToRegistry   rawSpec: '',
305 silly mapToRegistry   spec: 'latest',
305 silly mapToRegistry   type: 'tag' }
306 silly mapToRegistry uri https://registry.npmjs.org/javascript-brunch
307 verbose addRemoteTarball https://registry.npmjs.org/javascript-brunch/-/javascript-brunch-1.8.0.tgz not in flight; adding
308 verbose addRemoteTarball [ 'https://registry.npmjs.org/javascript-brunch/-/javascript-brunch-1.8.0.tgz',
308 verbose addRemoteTarball   '9d01b681f9e4f66bbe51cc1dbb70325ef3d831a5' ]
309 silly cache afterAdd css-brunch@1.7.0
310 verbose afterAdd /home/vagrant/.npm/css-brunch/1.7.0/package/package.json not in flight; writing
311 verbose correctMkdir /home/vagrant/.npm correctMkdir not in flight; initializing
312 silly cache afterAdd babel-brunch@6.0.4
313 verbose afterAdd /home/vagrant/.npm/babel-brunch/6.0.4/package/package.json not in flight; writing
314 verbose correctMkdir /home/vagrant/.npm correctMkdir not in flight; initializing
315 info retry fetch attempt 1 at 11:57:13 AM
316 info attempt registry request try #1 at 11:57:13 AM
317 http fetch GET https://registry.npmjs.org/javascript-brunch/-/javascript-brunch-1.8.0.tgz
318 silly cache afterAdd clean-css-brunch@1.8.0
319 verbose afterAdd /home/vagrant/.npm/clean-css-brunch/1.8.0/package/package.json not in flight; writing
320 verbose correctMkdir /home/vagrant/.npm correctMkdir not in flight; initializing
321 verbose afterAdd /home/vagrant/.npm/css-brunch/1.7.0/package/package.json written
322 verbose afterAdd /home/vagrant/.npm/babel-brunch/6.0.4/package/package.json written
323 verbose afterAdd /home/vagrant/.npm/clean-css-brunch/1.8.0/package/package.json written
324 http fetch 200 https://registry.npmjs.org/brunch/-/brunch-2.1.3.tgz
325 http fetch 200 https://registry.npmjs.org/javascript-brunch/-/javascript-brunch-1.8.0.tgz
326 silly fetchAndShaCheck shasum 9d01b681f9e4f66bbe51cc1dbb70325ef3d831a5
327 silly cache afterAdd uglify-js-brunch@1.7.8
328 verbose afterAdd /home/vagrant/.npm/uglify-js-brunch/1.7.8/package/package.json not in flight; writing
329 verbose correctMkdir /home/vagrant/.npm correctMkdir not in flight; initializing
330 verbose addTmpTarball /tmp/npm-19145-a066d8aa/registry.npmjs.org/javascript-brunch/-/javascript-brunch-1.8.0.tgz not in flight; adding
331 verbose addTmpTarball already have metadata; skipping unpack for javascript-brunch@1.8.0
332 verbose correctMkdir /home/vagrant/.npm correctMkdir not in flight; initializing
333 verbose afterAdd /home/vagrant/.npm/uglify-js-brunch/1.7.8/package/package.json written
334 silly cache afterAdd javascript-brunch@1.8.0
335 verbose afterAdd /home/vagrant/.npm/javascript-brunch/1.8.0/package/package.json not in flight; writing
336 verbose correctMkdir /home/vagrant/.npm correctMkdir not in flight; initializing
337 verbose afterAdd /home/vagrant/.npm/javascript-brunch/1.8.0/package/package.json written
338 silly fetchAndShaCheck shasum f695d23db6dd192e3d01a980fe57d5542a3d89d1
339 verbose addTmpTarball /tmp/npm-19145-a066d8aa/registry.npmjs.org/brunch/-/brunch-2.1.3.tgz not in flight; adding
340 verbose addTmpTarball already have metadata; skipping unpack for brunch@2.1.3
341 verbose correctMkdir /home/vagrant/.npm correctMkdir not in flight; initializing
342 silly cache afterAdd brunch@2.1.3
343 verbose afterAdd /home/vagrant/.npm/brunch/2.1.3/package/package.json not in flight; writing
344 verbose correctMkdir /home/vagrant/.npm correctMkdir not in flight; initializing
345 verbose afterAdd /home/vagrant/.npm/brunch/2.1.3/package/package.json written
346 silly rollbackFailedOptional Starting
347 silly rollbackFailedOptional Finishing
348 silly runTopLevelLifecycles Starting
349 silly runTopLevelLifecycles Finishing
350 silly install printInstalled
351 verbose stack Error: ENOENT: no such file or directory, open '/vagrant/hello_world/deps/phoenix_html'
351 verbose stack     at Error (native)
352 verbose cwd /vagrant/hello_world
353 error Linux 2.6.32-504.3.3.el6.x86_64
354 error argv "/usr/bin/node" "/usr/bin/npm" "install"
355 error node v5.11.0
356 error npm  v3.8.6
357 error path /vagrant/hello_world/deps/phoenix_html
358 error code ENOENT
359 error errno -2
360 error syscall open
361 error enoent ENOENT: no such file or directory, open '/vagrant/hello_world/deps/phoenix_html'
362 error enoent ENOENT: no such file or directory, open '/vagrant/hello_world/deps/phoenix_html'
362 error enoent This is most likely not a problem with npm itself
362 error enoent and is related to npm not being able to find a file.
363 verbose exit [ -2, true ]
